{"contracts/Raffle.sol":{"l":{"71":3,"72":3,"73":3,"74":3,"75":3,"76":3,"77":3,"78":3,"82":15,"83":1,"86":14,"87":1,"90":13,"91":13,"110":9,"111":9,"112":9,"113":9,"115":9,"120":5,"122":5,"123":0,"130":5,"131":5,"139":5,"146":1,"147":1,"148":1,"149":1,"150":1,"151":0,"153":1,"156":1,"157":1,"158":1,"163":13,"167":1,"171":1,"175":4,"180":0,"184":1,"188":2,"192":13},"path":"/mnt/d/Blockchain/raffle-smart-contract/contracts/Raffle.sol","s":{"1":15,"2":14,"3":13,"4":13,"5":9,"6":9,"7":9,"8":9,"9":5,"10":5,"11":5,"12":5,"13":1,"14":1,"15":1,"16":1,"17":1,"18":13,"19":1,"20":1,"21":4,"22":0,"23":1,"24":2,"25":13},"b":{"1":[1,14],"2":[1,13],"3":[0,5],"4":[0,1]},"f":{"1":3,"2":15,"3":9,"4":5,"5":1,"6":13,"7":1,"8":1,"9":4,"10":0,"11":1,"12":2,"13":13},"fnMap":{"1":{"name":"constructor","line":70,"loc":{"start":{"line":63,"column":4},"end":{"line":79,"column":4}}},"2":{"name":"enterRaffle","line":81,"loc":{"start":{"line":81,"column":4},"end":{"line":92,"column":4}}},"3":{"name":"checkUpkeep","line":102,"loc":{"start":{"line":102,"column":4},"end":{"line":117,"column":4}}},"4":{"name":"performUpkeep","line":119,"loc":{"start":{"line":119,"column":4},"end":{"line":140,"column":4}}},"5":{"name":"fulfillRandomWords","line":142,"loc":{"start":{"line":142,"column":4},"end":{"line":159,"column":4}}},"6":{"name":"getEntranceFee","line":162,"loc":{"start":{"line":162,"column":4},"end":{"line":164,"column":4}}},"7":{"name":"getPlayer","line":166,"loc":{"start":{"line":166,"column":4},"end":{"line":168,"column":4}}},"8":{"name":"getRecentWinner","line":170,"loc":{"start":{"line":170,"column":4},"end":{"line":172,"column":4}}},"9":{"name":"getRaffleState","line":174,"loc":{"start":{"line":174,"column":4},"end":{"line":176,"column":4}}},"10":{"name":"getNumWords","line":179,"loc":{"start":{"line":179,"column":4},"end":{"line":181,"column":4}}},"11":{"name":"getNumberOfPlayers","line":183,"loc":{"start":{"line":183,"column":4},"end":{"line":185,"column":4}}},"12":{"name":"getLatestTimeStamp","line":187,"loc":{"start":{"line":187,"column":4},"end":{"line":189,"column":4}}},"13":{"name":"getInterval","line":191,"loc":{"start":{"line":191,"column":4},"end":{"line":193,"column":4}}}},"statementMap":{"1":{"start":{"line":82,"column":8},"end":{"line":82,"column":2716}},"2":{"start":{"line":86,"column":8},"end":{"line":86,"column":2827}},"3":{"start":{"line":90,"column":8},"end":{"line":90,"column":42}},"4":{"start":{"line":91,"column":8},"end":{"line":91,"column":36}},"5":{"start":{"line":110,"column":8},"end":{"line":110,"column":76}},"6":{"start":{"line":111,"column":8},"end":{"line":111,"column":46}},"7":{"start":{"line":112,"column":8},"end":{"line":112,"column":51}},"8":{"start":{"line":113,"column":8},"end":{"line":113,"column":55}},"9":{"start":{"line":120,"column":8},"end":{"line":120,"column":47}},"10":{"start":{"line":122,"column":8},"end":{"line":122,"column":4166}},"11":{"start":{"line":131,"column":8},"end":{"line":131,"column":4436}},"12":{"start":{"line":139,"column":8},"end":{"line":139,"column":41}},"13":{"start":{"line":146,"column":8},"end":{"line":146,"column":65}},"14":{"start":{"line":147,"column":8},"end":{"line":147,"column":57}},"15":{"start":{"line":149,"column":8},"end":{"line":149,"column":72}},"16":{"start":{"line":150,"column":8},"end":{"line":150,"column":5345}},"17":{"start":{"line":153,"column":8},"end":{"line":153,"column":33}},"18":{"start":{"line":163,"column":8},"end":{"line":163,"column":28}},"19":{"start":{"line":167,"column":8},"end":{"line":167,"column":31}},"20":{"start":{"line":171,"column":8},"end":{"line":171,"column":29}},"21":{"start":{"line":175,"column":8},"end":{"line":175,"column":28}},"22":{"start":{"line":180,"column":8},"end":{"line":180,"column":24}},"23":{"start":{"line":184,"column":8},"end":{"line":184,"column":31}},"24":{"start":{"line":188,"column":8},"end":{"line":188,"column":30}},"25":{"start":{"line":192,"column":8},"end":{"line":192,"column":25}}},"branchMap":{"1":{"line":82,"type":"if","locations":[{"start":{"line":82,"column":8},"end":{"line":82,"column":8}},{"start":{"line":82,"column":8},"end":{"line":82,"column":8}}]},"2":{"line":86,"type":"if","locations":[{"start":{"line":86,"column":8},"end":{"line":86,"column":8}},{"start":{"line":86,"column":8},"end":{"line":86,"column":8}}]},"3":{"line":122,"type":"if","locations":[{"start":{"line":122,"column":8},"end":{"line":122,"column":8}},{"start":{"line":122,"column":8},"end":{"line":122,"column":8}}]},"4":{"line":150,"type":"if","locations":[{"start":{"line":150,"column":8},"end":{"line":150,"column":8}},{"start":{"line":150,"column":8},"end":{"line":150,"column":8}}]}}},"contracts/test/VRFCoordinatorV2Mock.sol":{"l":{},"path":"/mnt/d/Blockchain/raffle-smart-contract/contracts/test/VRFCoordinatorV2Mock.sol","s":{},"b":{},"f":{},"fnMap":{},"statementMap":{},"branchMap":{}}}