{"contracts/Raffle.sol":{"l":{"71":3,"72":3,"73":3,"74":3,"75":3,"76":3,"77":3,"78":3,"82":8,"83":1,"86":7,"87":1,"90":6,"91":6,"110":6,"111":6,"112":6,"113":6,"115":6,"120":2,"122":2,"123":0,"130":2,"131":2,"139":2,"146":0,"147":0,"148":0,"149":0,"150":0,"151":0,"153":0,"156":0,"157":0,"158":0,"163":9,"167":1,"171":0,"175":2,"180":0,"184":0,"188":0,"192":9},"path":"/mnt/d/Blockchain/raffle-smart-contract/contracts/Raffle.sol","s":{"1":8,"2":7,"3":6,"4":6,"5":6,"6":6,"7":6,"8":6,"9":2,"10":2,"11":2,"12":2,"13":0,"14":0,"15":0,"16":0,"17":0,"18":9,"19":1,"20":0,"21":2,"22":0,"23":0,"24":0,"25":9},"b":{"1":[1,7],"2":[1,6],"3":[0,2],"4":[0,0]},"f":{"1":3,"2":8,"3":6,"4":2,"5":0,"6":9,"7":1,"8":0,"9":2,"10":0,"11":0,"12":0,"13":9},"fnMap":{"1":{"name":"constructor","line":70,"loc":{"start":{"line":63,"column":4},"end":{"line":79,"column":4}}},"2":{"name":"enterRaffle","line":81,"loc":{"start":{"line":81,"column":4},"end":{"line":92,"column":4}}},"3":{"name":"checkUpkeep","line":102,"loc":{"start":{"line":102,"column":4},"end":{"line":117,"column":4}}},"4":{"name":"performUpkeep","line":119,"loc":{"start":{"line":119,"column":4},"end":{"line":140,"column":4}}},"5":{"name":"fulfillRandomWords","line":142,"loc":{"start":{"line":142,"column":4},"end":{"line":159,"column":4}}},"6":{"name":"getEntranceFee","line":162,"loc":{"start":{"line":162,"column":4},"end":{"line":164,"column":4}}},"7":{"name":"getPlayer","line":166,"loc":{"start":{"line":166,"column":4},"end":{"line":168,"column":4}}},"8":{"name":"getRecentWinner","line":170,"loc":{"start":{"line":170,"column":4},"end":{"line":172,"column":4}}},"9":{"name":"getRaffleState","line":174,"loc":{"start":{"line":174,"column":4},"end":{"line":176,"column":4}}},"10":{"name":"getNumWords","line":179,"loc":{"start":{"line":179,"column":4},"end":{"line":181,"column":4}}},"11":{"name":"getNumberOfPlayers","line":183,"loc":{"start":{"line":183,"column":4},"end":{"line":185,"column":4}}},"12":{"name":"getLatestTimeStamp","line":187,"loc":{"start":{"line":187,"column":4},"end":{"line":189,"column":4}}},"13":{"name":"getInterval","line":191,"loc":{"start":{"line":191,"column":4},"end":{"line":193,"column":4}}}},"statementMap":{"1":{"start":{"line":82,"column":8},"end":{"line":82,"column":2716}},"2":{"start":{"line":86,"column":8},"end":{"line":86,"column":2827}},"3":{"start":{"line":90,"column":8},"end":{"line":90,"column":42}},"4":{"start":{"line":91,"column":8},"end":{"line":91,"column":36}},"5":{"start":{"line":110,"column":8},"end":{"line":110,"column":76}},"6":{"start":{"line":111,"column":8},"end":{"line":111,"column":46}},"7":{"start":{"line":112,"column":8},"end":{"line":112,"column":51}},"8":{"start":{"line":113,"column":8},"end":{"line":113,"column":55}},"9":{"start":{"line":120,"column":8},"end":{"line":120,"column":47}},"10":{"start":{"line":122,"column":8},"end":{"line":122,"column":4166}},"11":{"start":{"line":131,"column":8},"end":{"line":131,"column":4436}},"12":{"start":{"line":139,"column":8},"end":{"line":139,"column":41}},"13":{"start":{"line":146,"column":8},"end":{"line":146,"column":65}},"14":{"start":{"line":147,"column":8},"end":{"line":147,"column":57}},"15":{"start":{"line":149,"column":8},"end":{"line":149,"column":72}},"16":{"start":{"line":150,"column":8},"end":{"line":150,"column":5345}},"17":{"start":{"line":153,"column":8},"end":{"line":153,"column":33}},"18":{"start":{"line":163,"column":8},"end":{"line":163,"column":28}},"19":{"start":{"line":167,"column":8},"end":{"line":167,"column":31}},"20":{"start":{"line":171,"column":8},"end":{"line":171,"column":29}},"21":{"start":{"line":175,"column":8},"end":{"line":175,"column":28}},"22":{"start":{"line":180,"column":8},"end":{"line":180,"column":24}},"23":{"start":{"line":184,"column":8},"end":{"line":184,"column":31}},"24":{"start":{"line":188,"column":8},"end":{"line":188,"column":30}},"25":{"start":{"line":192,"column":8},"end":{"line":192,"column":25}}},"branchMap":{"1":{"line":82,"type":"if","locations":[{"start":{"line":82,"column":8},"end":{"line":82,"column":8}},{"start":{"line":82,"column":8},"end":{"line":82,"column":8}}]},"2":{"line":86,"type":"if","locations":[{"start":{"line":86,"column":8},"end":{"line":86,"column":8}},{"start":{"line":86,"column":8},"end":{"line":86,"column":8}}]},"3":{"line":122,"type":"if","locations":[{"start":{"line":122,"column":8},"end":{"line":122,"column":8}},{"start":{"line":122,"column":8},"end":{"line":122,"column":8}}]},"4":{"line":150,"type":"if","locations":[{"start":{"line":150,"column":8},"end":{"line":150,"column":8}},{"start":{"line":150,"column":8},"end":{"line":150,"column":8}}]}}},"contracts/test/VRFCoordinatorV2Mock.sol":{"l":{},"path":"/mnt/d/Blockchain/raffle-smart-contract/contracts/test/VRFCoordinatorV2Mock.sol","s":{},"b":{},"f":{},"fnMap":{},"statementMap":{},"branchMap":{}}}