TN:
SF:/mnt/d/Blockchain/raffle-smart-contract/contracts/Raffle.sol
FN:70,constructor
FN:81,enterRaffle
FN:102,checkUpkeep
FN:119,performUpkeep
FN:142,fulfillRandomWords
FN:162,getEntranceFee
FN:166,getPlayer
FN:170,getRecentWinner
FN:174,getRaffleState
FN:179,getNumWords
FN:183,getNumberOfPlayers
FN:187,getLatestTimeStamp
FN:191,getInterval
FNF:13
FNH:8
FNDA:3,constructor
FNDA:8,enterRaffle
FNDA:6,checkUpkeep
FNDA:2,performUpkeep
FNDA:0,fulfillRandomWords
FNDA:9,getEntranceFee
FNDA:1,getPlayer
FNDA:0,getRecentWinner
FNDA:2,getRaffleState
FNDA:0,getNumWords
FNDA:0,getNumberOfPlayers
FNDA:0,getLatestTimeStamp
FNDA:9,getInterval
DA:71,3
DA:72,3
DA:73,3
DA:74,3
DA:75,3
DA:76,3
DA:77,3
DA:78,3
DA:82,8
DA:83,1
DA:86,7
DA:87,1
DA:90,6
DA:91,6
DA:110,6
DA:111,6
DA:112,6
DA:113,6
DA:115,6
DA:120,2
DA:122,2
DA:123,0
DA:130,2
DA:131,2
DA:139,2
DA:146,0
DA:147,0
DA:148,0
DA:149,0
DA:150,0
DA:151,0
DA:153,0
DA:156,0
DA:157,0
DA:158,0
DA:163,9
DA:167,1
DA:171,0
DA:175,2
DA:180,0
DA:184,0
DA:188,0
DA:192,9
LF:43
LH:28
BRDA:82,1,0,1
BRDA:82,1,1,7
BRDA:86,2,0,1
BRDA:86,2,1,6
BRDA:122,3,0,0
BRDA:122,3,1,2
BRDA:150,4,0,0
BRDA:150,4,1,0
BRF:8
BRH:5
end_of_record
TN:
SF:/mnt/d/Blockchain/raffle-smart-contract/contracts/test/VRFCoordinatorV2Mock.sol
FNF:0
FNH:0
LF:0
LH:0
BRF:0
BRH:0
end_of_record
